[35m[Appium][39m Welcome to Appium v1.20.2
[35m[Appium][39m Non-default server args:
[35m[Appium][39m   port: 61749
[35m[Appium][39m   loglevel: info
[35m[Appium][39m   tmpDir: C:\Users\User\AppData\Local\Temp\\Katalon\Appium\Temp1612427202193
[35m[Appium][39m   chromedriverPort: 61750
[35m[Appium][39m Deprecated server args:
[35m[Appium][39m   [31m--chromedriver-port[39m => --default-capabilities
[35m[Appium][39m Default capabilities, which will be added to each request unless overridden by desired capabilities:
[35m[Appium][39m   chromedriverPort: 61750
[35m[Appium][39m Appium REST http interface listener started on 0.0.0.0:61749
[35m[HTTP][39m [37m-->[39m [37mGET[39m [37m/wd/hub/status[39m
[35m[HTTP][39m [90m{}[39m
[35m[HTTP][39m [37m<-- GET /wd/hub/status [39m[32m200[39m [90m5 ms - 68[39m
[35m[HTTP][39m [90m[39m
[35m[HTTP][39m [37m-->[39m [37mGET[39m [37m/wd/hub/status[39m
[35m[HTTP][39m [90m{}[39m
[35m[HTTP][39m [37m<-- GET /wd/hub/status [39m[32m200[39m [90m1 ms - 68[39m
[35m[HTTP][39m [90m[39m
[35m[HTTP][39m [37m-->[39m [37mPOST[39m [37m/wd/hub/session[39m
[35m[HTTP][39m [90m{"desiredCapabilities":{"app":"D:\\Fajar\\MyHome\\id.co.myhomecredit_10112_apps.evozi.com.apk","noReset":true,"deviceName":"emulator-5554 (sdk_gphone_x86_arm - Android 11)","fullReset":false,"platform":"ANDROID","newCommandTimeout":1800,"platformVersion":"11","automationName":"uiautomator2","autoGrantPermissions":true,"platformName":"Android","udid":"emulator-5554","systemPort":61756},"capabilities":{"firstMatch":[{"appium:app":"D:\\Fajar\\MyHome\\id.co.myhomecredit_10112_apps.evozi.com.apk","appium:autoGrantPermissions":true,"appium:automationName":"uiautomator2","appium:deviceName":"emulator-5554 (sdk_gphone_x86_arm - Android 11)","appium:fullReset":false,"appium:newCommandTimeout":1800,"appium:noReset":true,"platform":"ANDROID","platformName":"android","appium:platformVersion":"11","appium:systemPort":61756,"appium:udid":"emulator-5554"}]}}[39m
[35m[BaseDriver][39m The following capabilities are not standard capabilities and should have an extension prefix:
[35m[BaseDriver][39m   platform
[35m[BaseDriver][39m   chromedriverPort
[35m[Appium][39m Appium v1.20.2 creating new AndroidUiautomator2Driver (v1.61.2) session
[35m[BaseDriver][39m The following capabilities were provided, but are not recognized by Appium:
[35m[BaseDriver][39m   platform
[35m[BaseDriver][39m Session created with session id: 5649b875-4828-429d-8b78-08823901f611
[35m[BaseDriver][39m Using local app 'D:\Fajar\MyHome\id.co.myhomecredit_10112_apps.evozi.com.apk'
[35m[ADB][39m Found 1 'build-tools' folders under 'C:\Users\User\.katalon\tools\android_sdk' (newest first):
[35m[ADB][39m     C:/Users/User/.katalon/tools/android_sdk/build-tools/29.0.3
[35m[ADB][39m Using 'adb.exe' from 'C:\Users\User\.katalon\tools\android_sdk\platform-tools\adb.exe'
[35m[AndroidDriver][39m Retrieving device list
[35m[AndroidDriver][39m Using device: emulator-5554
[35m[ADB][39m Using 'adb.exe' from 'C:\Users\User\.katalon\tools\android_sdk\platform-tools\adb.exe'
[35m[ADB][39m Getting device platform version
[35m[UiAutomator2][39m Relaxing hidden api policy
[35m[ADB][39m Package name: 'id.co.myhomecredit'
[35m[ADB][39m Main activity name: 'id.co.homecredit.v2.launcherpage.SplashScreenActivity'
[35m[ADB][39m Using 'apksigner.jar' from 'C:\Users\User\.katalon\tools\android_sdk\build-tools\29.0.3\lib\apksigner.jar'
[35m[ADB][39m 'C:\Users\User\AppData\Roaming\npm\node_modules\appium\node_modules\appium-uiautomator2-server\apks\appium-uiautomator2-server-v4.17.4.apk' is signed with the default certificate
[35m[ADB][39m 'C:\Users\User\AppData\Roaming\npm\node_modules\appium\node_modules\appium-uiautomator2-server\apks\appium-uiautomator2-server-debug-androidTest.apk' is signed with the default certificate
[35m[UiAutomator2][39m Server packages are not going to be (re)installed
[35m[ADB][39m Adding packages ["io.appium.settings","io.appium.uiautomator2.server","io.appium.uiautomator2.server.test"] to Doze whitelist
[35m[ADB][39m 'D:\Fajar\MyHome\id.co.myhomecredit_10112_apps.evozi.com.apk' is signed with a non-default certificate
[35m[ADB][39m The application at 'D:\Fajar\MyHome\id.co.myhomecredit_10112_apps.evozi.com.apk' will not be cached, because the device under test has confirmed the support of streamed installs
[35m[ADB][39m The installation of 'id.co.myhomecredit_10112_apps.evozi.com.apk' took 4820ms
[35m[UiAutomator2][39m Starting UIAutomator2 server 4.17.4
[35m[UiAutomator2][39m Using UIAutomator2 server from 'C:\Users\User\AppData\Roaming\npm\node_modules\appium\node_modules\appium-uiautomator2-server\apks\appium-uiautomator2-server-v4.17.4.apk' and test from 'C:\Users\User\AppData\Roaming\npm\node_modules\appium\node_modules\appium-uiautomator2-server\apks\appium-uiautomator2-server-debug-androidTest.apk'
[35m[UiAutomator2][39m Waiting up to 30000ms for UiAutomator2 to be online...
[35m[WD Proxy][39m socket hang up
[35m[WD Proxy][39m socket hang up
[35m[WD Proxy][39m socket hang up
[35m[WD Proxy][39m Determined the downstream protocol as 'W3C'
[35m[AndroidDriver][39m Screen already unlocked, doing nothing
[35m[UiAutomator2][39m Starting 'id.co.myhomecredit/id.co.homecredit.v2.launcherpage.SplashScreenActivity and waiting for 'id.co.myhomecredit/id.co.homecredit.v2.launcherpage.SplashScreenActivity'
[35m[Appium][39m New AndroidUiautomator2Driver session created successfully, session 5649b875-4828-429d-8b78-08823901f611 added to master session list
[35m[HTTP][39m [37m<-- POST /wd/hub/session [39m[32m200[39m [90m17057 ms - 1313[39m
[35m[HTTP][39m [90m[39m
[35m[HTTP][39m [37m-->[39m [37mGET[39m [37m/wd/hub/session/5649b875-4828-429d-8b78-08823901f611[39m
[35m[HTTP][39m [90m{}[39m
[35m[HTTP][39m [37m<-- GET /wd/hub/session/5649b875-4828-429d-8b78-08823901f611 [39m[32m200[39m [90m36 ms - 1267[39m
[35m[HTTP][39m [90m[39m
[35m[HTTP][39m [37m-->[39m [37mGET[39m [37m/wd/hub/session/5649b875-4828-429d-8b78-08823901f611[39m
[35m[HTTP][39m [90m{}[39m
[35m[HTTP][39m [37m<-- GET /wd/hub/session/5649b875-4828-429d-8b78-08823901f611 [39m[32m200[39m [90m33 ms - 1267[39m
[35m[HTTP][39m [90m[39m
[35m[HTTP][39m [37m-->[39m [37mGET[39m [37m/wd/hub/status[39m
[35m[HTTP][39m [90m{}[39m
[35m[HTTP][39m [37m<-- GET /wd/hub/status [39m[32m200[39m [90m4 ms - 68[39m
[35m[HTTP][39m [90m[39m
[35m[HTTP][39m [37m-->[39m [37mPOST[39m [37m/wd/hub/session/5649b875-4828-429d-8b78-08823901f611/timeouts[39m
[35m[HTTP][39m [90m{"implicit":60000}[39m
[35m[HTTP][39m [37m<-- POST /wd/hub/session/5649b875-4828-429d-8b78-08823901f611/timeouts [39m[32m200[39m [90m8 ms - 14[39m
[35m[HTTP][39m [90m[39m
[35m[HTTP][39m [37m-->[39m [37mGET[39m [37m/wd/hub/session/5649b875-4828-429d-8b78-08823901f611/source[39m
[35m[HTTP][39m [90m{}[39m
[35m[W3C (5649b875)][39m Driver proxy active, passing request on via HTTP proxy
[35m[WD Proxy][39m Replacing sessionId ce8d981e-d143-4854-82f2-d7f7d0a39122 with 5649b875-4828-429d-8b78-08823901f611
[35m[HTTP][39m [37m<-- GET /wd/hub/session/5649b875-4828-429d-8b78-08823901f611/source [39m[32m200[39m [90m200 ms - 2812[39m
[35m[HTTP][39m [90m[39m
[35m[HTTP][39m [37m-->[39m [37mGET[39m [37m/wd/hub/session/5649b875-4828-429d-8b78-08823901f611/screenshot[39m
[35m[HTTP][39m [90m{}[39m
[35m[HTTP][39m [37m<-- GET /wd/hub/session/5649b875-4828-429d-8b78-08823901f611/screenshot [39m[32m200[39m [90m809 ms - 66588[39m
[35m[HTTP][39m [90m[39m
[35m[HTTP][39m [37m-->[39m [37mDELETE[39m [37m/wd/hub/session/5649b875-4828-429d-8b78-08823901f611[39m
[35m[HTTP][39m [90m{}[39m
[35m[Appium][39m Removing session 5649b875-4828-429d-8b78-08823901f611 from our master session list
[35m[UiAutomator2][39m Restoring hidden api policy to the device default configuration
[35m[HTTP][39m [37m<-- DELETE /wd/hub/session/5649b875-4828-429d-8b78-08823901f611 [39m[32m200[39m [90m478 ms - 14[39m
[35m[HTTP][39m [90m[39m
